<?xml version="1.0" encoding="UTF-8"?>
<testng-results skipped="0" failed="0" ignored="0" total="1" passed="1">
  <reporter-output>
  </reporter-output>
  <suite name="Default suite" duration-ms="166" started-at="2018-09-27T05:58:40Z" finished-at="2018-09-27T05:58:40Z">
    <groups>
    </groups>
    <test name="Default test" duration-ms="166" started-at="2018-09-27T05:58:40Z" finished-at="2018-09-27T05:58:40Z">
      <class name="script.TestDemo">
        <test-method status="PASS" signature="testA()[pri:0, instance:script.TestDemo@5e3a8624]" name="testA" duration-ms="124" started-at="2018-09-27T05:58:40Z" finished-at="2018-09-27T05:58:40Z">
          <reporter-output>
          </reporter-output>
        </test-method> <!-- testA -->
      </class> <!-- script.TestDemo -->
    </test> <!-- Default test -->
  </suite> <!-- Default suite -->
</testng-results>
